Unity Player [version: Unity 5.5.2f1_3829d7f588f3]

test.exe caused an Access Violation (0xc0000005)
  in module test.exe at 0023:0000000b.

Error occurred at 2017-03-30_192108.
C:\Users\Jeremy\Documents\Warforged\test.exe, run by Jeremy.
58% memory in use.
0 MB physical memory [3385 MB free].
0 MB paging file [2213 MB free].
0 MB user address space [3690 MB free].
Write to location 0000000b caused an access violation.

Context:
EDI:    0x00fa64f8  ESI: 0x0000000b  EAX:   0x00fdd938
EBX:    0x00000000  ECX: 0x0000000b  EDX:   0x688c5cf0
EIP:    0x0000000b  EBP: 0x00eff8f4  SegCs: 0x00000023
EFlags: 0x00210287  ESP: 0x00eff8e0  SegSs: 0x0000002b

Bytes at CS:EIP:
?? ?? ?? ?? ?? ?? ?? ?? ?? ?? ?? ?? ?? ?? ?? ?? 

Stack:
0x00eff8e0: 688e27a4 00fa64f8 0419c040 04e1ba00 .'.h.d..@.......
0x00eff8f0: cd403f31 00eff908 0181cc24 00fa68ec 1?@.....$....h..
0x00eff900: 04e1de10 00000001 00eff920 01827848 ........ ...Hx..
0x00eff910: 041a3550 04e1ba00 00000000 00000000 P5..............
0x00eff920: 00eff92c 0182834b 04e1ba00 00eff954 ,...K.......T...
0x00eff930: 01393a55 00000000 046b2450 01841b50 U:9.....P$k.P...
0x00eff940: 00000000 00000000 046b2450 01841dab ........P$k.....
0x00eff950: 04e1a1e0 00eff974 018408db 00000001 ....t...........
0x00eff960: 00000000 04e1a1e0 00000000 003c7714 .............w<.
0x00eff970: 003c7710 00eff980 0184107b 04e1a1e0 .w<.....{.......
0x00eff980: 00effac8 013939f3 00000000 00000001 .....99.........
0x00eff990: 017e8bae 017eb3d7 018c344b 00000000 ..~...~.K4......
0x00eff9a0: 00d6b000 0417b950 01c0003f 000001ff ....P...?.......
0x00eff9b0: 00000000 00000036 0000003f 00001fff ....6...?.......
0x00eff9c0: 0417b910 7fffffff 00eff9f8 018e1d07 ................
0x00eff9d0: 0000003b 0000003f 0000000f 0000000f ;...?...........
0x00eff9e0: 7fffffff 00000000 02154b60 028a1748 ........`K..H...
0x00eff9f0: 0000000f 00effa00 00effa28 018df653 ........(...S...
0x00effa00: 028a2068 020c7040 0000000f 00effa18 h ..@p..........
0x00effa10: 7fffffff 0417bad0 02154b60 028a1748 ........`K..H...
0x00effa20: 028a05a8 0000003c 0000003f 018d09f9 ....<...?.......
0x00effa30: 04183910 020c7040 0000000f 00000000 .9..@p..........
0x00effa40: 0000002d 0000002f 00eff984 616e614d -.../.......Mana
0x00effa50: 00646567 6c65746e 00000000 00000007 ged.ntel........
0x00effa60: 0000000f 020c7040 0417b990 0417b9c8 ....@p..........
0x00effa70: 0417b9c8 0000000d 02781ec0 65646900 ..........x..ide
0x00effa80: 646e6957 6c00776f 00ef006c 00000000 Window.ll.......
0x00effa90: 0000000f 00000000 00000000 65726100 .............are
0x00effaa0: 5748746e 0100444e 00f63655 00000000 ntHWND..U6......
0x00effab0: 0000000f 00000000 02781ec0 02781f00 ..........x...x.
0x00effac0: 00000000 00100801 00effae0 0188ab38 ............8...
0x00effad0: 01130000 00000000 00f63657 00000001 ........W6......
0x00effae0: 00effb70 018c33f8 01130000 00000000 p....3..........
0x00effaf0: 00f63657 00000001 3add056d 018c344b W6......m..:K4..
0x00effb00: 018c344b 00d6b000 00000044 00f61e10 K4......D.......
0x00effb10: 00f61df0 00f61d96 00000000 00000000 ................
0x00effb20: 00000000 00000000 00000000 00000000 ................
0x00effb30: 00000000 00000401 00000001 00000000 ................
0x00effb40: 00000000 00010001 00000000 c0000005 ................
0x00effb50: 018c344b 00000000 00effaf8 00eff314 K4..............
0x00effb60: 00effbbc 018c4d50 3821a465 00000000 ....PM..e.!8....
0x00effb70: 00effb84 756c62c4 00d6b000 756c62a0 .....blu.....blu
0x00effb80: be00d834 00effbcc 772b0fd9 00d6b000 4.........+w....
0x00effb90: 3d51dcf9 00000000 00000000 00d6b000 ..Q=............
0x00effba0: c0000005 00000000 00eff2f4 73e8d2e0 ...............s
0x00effbb0: 3d51dcf9 00effb90 00eff2f4 00effbd4 ..Q=............
0x00effbc0: 772c67b0 4a8aa025 00000000 00effbdc .g,w%..J........
0x00effbd0: 772b0fa4 ffffffff 772d2f0c 00000000 ..+w...../-w....
0x00effbe0: 00000000 018c344b 00d6b000 00000000 ....K4..........
0x00effbf0: 00000000 00000000 00000000 00000000 ................
0x00effc00: 00000000 00000000 00000000 00000000 ................
0x00effc10: 00000000 00000000 00000000 00000000 ................
0x00effc20: 00000000 00000000 00000000 00000000 ................
0x00effc30: 00000000 00000000 00000000 00000000 ................
0x00effc40: 00000000 00000000 00000000 00000000 ................
0x00effc50: 00000000 00000000 00000000 00000000 ................
0x00effc60: 00000000 00000000 00000000 00000000 ................
0x00effc70: 00000000 00000000 00000000 00000000 ................
0x00effc80: 00000000 00000000 00000000 00000000 ................
0x00effc90: 00000000 00000000 00000000 00000000 ................
0x00effca0: 00000000 00000000 00000000 00000000 ................
0x00effcb0: 00000000 00000000 00000000 00000000 ................
0x00effcc0: 00000000 00000000 00000000 00000000 ................
0x00effcd0: 00000000 00000000 00000000 00000000 ................
0x00effce0: 00000000 00000000 00000000 00000000 ................
0x00effcf0: 00000000 00000000 00000000 00000000 ................
0x00effd00: 00000000 00000000 00000000 00000000 ................
0x00effd10: 00000000 00000000 00000000 00000000 ................
0x00effd20: 00000000 00000000 00000000 00000000 ................
0x00effd30: 00000000 00000000 00000000 00000000 ................
0x00effd40: 00000000 00000000 00000000 00000000 ................
0x00effd50: 00000000 00000000 00000000 00000000 ................
0x00effd60: 00000000 00000000 00000000 00000000 ................
0x00effd70: 00000000 00000000 00000000 00000000 ................
0x00effd80: 00000000 00000000 00000000 00000000 ................
0x00effd90: 00000000 00000000 00000000 00000000 ................
0x00effda0: 00000000 00000000 00000000 00000000 ................
0x00effdb0: 00000000 00000000 00000000 00000000 ................
0x00effdc0: 00000000 00000000 00000000 00000000 ................
0x00effdd0: 00000000 00000000 00000000 00000000 ................
0x00effde0: 00000000 00000000 00000000 00000000 ................
0x00effdf0: 00000000 00000000 00000000 00000000 ................
0x00effe00: 00000000 00000000 00000000 00000000 ................
0x00effe10: 00000000 00000000 00000000 00000000 ................
0x00effe20: 00000000 00000000 00000000 00000000 ................
0x00effe30: 00000000 00000000 00000000 00000000 ................
0x00effe40: 00000000 00000000 00000000 00000000 ................
0x00effe50: 00000000 00000000 00000000 00000000 ................
0x00effe60: 00000000 00000000 00000000 00000000 ................
0x00effe70: 00000000 00000000 00000000 00000000 ................
0x00effe80: 00000000 00000000 00000000 00000000 ................
0x00effe90: 00000000 00000000 00000000 00000000 ................
0x00effea0: 00000000 00000000 00000000 00000000 ................
0x00effeb0: 00000000 00000000 00000000 00000000 ................
0x00effec0: 00000000 00000000 00000000 00000000 ................
0x00effed0: 00000000 00000000 00000000 00000000 ................
0x00effee0: 00000000 00000000 00000000 00000000 ................
0x00effef0: 00000000 00000000 00000000 00000000 ................
0x00efff00: 00000000 00000000 00000000 00000000 ................
0x00efff10: 00000000 00000000 00000000 00000000 ................
0x00efff20: 00000000 00000000 00000000 00000000 ................
0x00efff30: 00000000 00000000 00000000 00000000 ................
0x00efff40: 00000000 00000000 00000000 00000000 ................
0x00efff50: 00000000 00000000 00000000 00000000 ................
0x00efff60: 00000000 00000000 00000000 00000000 ................
0x00efff70: 00000000 00000000 00000000 00000000 ................
0x00efff80: 00000000 00000000 00000000 00000000 ................
0x00efff90: 00000000 00000000 00000000 00000000 ................
0x00efffa0: 00000000 00000000 00000000 00000000 ................
0x00efffb0: 00000000 00000000 00000000 00000000 ................
0x00efffc0: 00000000 00000000 00000000 00000000 ................
0x00efffd0: 00000000 00000000 00000000 00000000 ................
0x00efffe0: 00000000 00000000 00000000 00000000 ................
0x00effff0: 00000000 00000000 00000000 00000000 ................

Module 1
C:\Users\Jeremy\Documents\Warforged\test.exe
Image Base: 0x01130000  Image Size: 0x01233000
File Size:  18218496    File Time:  2017-03-30_192020
Version:
   Company:    
   Product:    
   FileDesc:   
   FileVer:    5.5.2.10711
   ProdVer:    5.5.2.10711

Module 2
C:\Users\Jeremy\Documents\Warforged\test_Data\Mono\mono.dll
Image Base: 0x10000000  Image Size: 0x00231000
File Size:  2115008     File Time:  2017-02-22_073524
Version:
   Company:    Unity Technologies
   Product:    libmono
   FileDesc:   Unity Technologies fork of mono runtime
   FileVer:    1.0.0.1
   ProdVer:    1.0.0.1

Module 3
C:\Users\Jeremy\AppData\Roaming\DisplayFusion\AppHookWIN6032_afd2c0ec-e4aa-4db3-bb5d-e04284edbbbe.dll
Image Base: 0x10000000  Image Size: 0x00056000
File Size:  341008      File Time:  2016-01-29_151316
Version:
   Company:    Binary Fortress Software
   Product:    DisplayFusion Hook
   FileDesc:   DisplayFusion Hook
   FileVer:    7.3.1.1
   ProdVer:    7.3.1.1

Module 4
C:\PROGRA~2\RAPTRI~1\Raptr\ltc_game32-116716.dll
Image Base: 0x594b0000  Image Size: 0x001d9000
File Size:  1839312     File Time:  2016-09-28_175350
Version:
   Company:    Raptr Inc.
   Product:    Raptr In-Game Overlay
   FileDesc:   Game Module
   FileVer:    1.0.0.1
   ProdVer:    1.0.0.1

Module 5
C:\WINDOWS\System32\MMDevApi.dll
Image Base: 0x5f020000  Image Size: 0x00058000
File Size:  352760      File Time:  2017-03-04_024734
Version:
   Company:    Microsoft Corporation
   Product:    Microsoft® Windows® Operating System
   FileDesc:   MMDevice API
   FileVer:    10.0.14393.953
   ProdVer:    10.0.14393.953

Module 6
C:\WINDOWS\SYSTEM32\AUDIOSES.DLL
Image Base: 0x5f080000  Image Size: 0x0007b000
File Size:  484584      File Time:  2017-03-04_035742
Version:
   Company:    Microsoft Corporation
   Product:    Microsoft® Windows® Operating System
   FileDesc:   Audio Session
   FileVer:    10.0.14393.953
   ProdVer:    10.0.14393.953

Module 7
C:\WINDOWS\SYSTEM32\AVRT.dll
Image Base: 0x648b0000  Image Size: 0x00009000
File Size:  29448       File Time:  2016-07-16_074250
Version:
   Company:    Microsoft Corporation
   Product:    Microsoft® Windows® Operating System
   FileDesc:   Multimedia Realtime Runtime
   FileVer:    10.0.14393.0
   ProdVer:    10.0.14393.0

Module 8
C:\WINDOWS\SYSTEM32\midimap.dll
Image Base: 0x64930000  Image Size: 0x00008000
File Size:  18944       File Time:  2016-07-16_074250
Version:
   Company:    Microsoft Corporation
   Product:    Microsoft® Windows® Operating System
   FileDesc:   Microsoft MIDI Mapper
   FileVer:    10.0.14393.0
   ProdVer:    10.0.14393.0

Module 9
C:\WINDOWS\SYSTEM32\msacm32.drv
Image Base: 0x64940000  Image Size: 0x0000a000
File Size:  24576       File Time:  2016-07-16_074250
Version:
   Company:    Microsoft Corporation
   Product:    Microsoft® Windows® Operating System
   FileDesc:   Microsoft Sound Mapper
   FileVer:    10.0.14393.0
   ProdVer:    10.0.14393.0

Module 10
C:\WINDOWS\SYSTEM32\ksuser.dll
Image Base: 0x64950000  Image Size: 0x00007000
File Size:  20672       File Time:  2016-07-16_074250
Version:
   Company:    Microsoft Corporation
   Product:    Microsoft® Windows® Operating System
   FileDesc:   User CSA Library
   FileVer:    10.0.14393.0
   ProdVer:    10.0.14393.0

Module 11
C:\WINDOWS\SYSTEM32\wdmaud.drv
Image Base: 0x64960000  Image Size: 0x00039000
File Size:  207360      File Time:  2016-07-16_074250
Version:
   Company:    Microsoft Corporation
   Product:    Microsoft® Windows® Operating System
   FileDesc:   Winmm  audio system driver
   FileVer:    10.0.14393.0
   ProdVer:    10.0.14393.0

Module 12
C:\WINDOWS\SYSTEM32\MSACM32.dll
Image Base: 0x64a10000  Image Size: 0x00018000
File Size:  90912       File Time:  2016-07-16_074250
Version:
   Company:    Microsoft Corporation
   Product:    Microsoft® Windows® Operating System
   FileDesc:   Microsoft ACM Audio Filter
   FileVer:    10.0.14393.0
   ProdVer:    10.0.14393.0

Module 13
C:\PROGRA~2\RAPTRI~1\Raptr\ltc_help32-116716.dll
Image Base: 0x67300000  Image Size: 0x00026000
File Size:  138448      File Time:  2016-09-28_175350
Version:
   Company:    Raptr Inc.
   Product:    Raptr In-Game Overlay
   FileDesc:   Help Module
   FileVer:    1.0.0.1
   ProdVer:    1.0.0.1

Module 14
C:\WINDOWS\SYSTEM32\gpapi.dll
Image Base: 0x67360000  Image Size: 0x0001f000
File Size:  112120      File Time:  2017-03-04_024508
Version:
   Company:    Microsoft Corporation
   Product:    Microsoft® Windows® Operating System
   FileDesc:   Group Policy Client API
   FileVer:    10.0.14393.953
   ProdVer:    10.0.14393.953

Module 15
C:\WINDOWS\SYSTEM32\dxgi.dll
Image Base: 0x68680000  Image Size: 0x00083000
File Size:  524776      File Time:  2017-03-04_025404
Version:
   Company:    Microsoft Corporation
   Product:    Microsoft® Windows® Operating System
   FileDesc:   DirectX Graphics Infrastructure
   FileVer:    10.0.14393.953
   ProdVer:    10.0.14393.953

Module 16
C:\WINDOWS\SYSTEM32\d3d11.dll
Image Base: 0x68830000  Image Size: 0x00230000
File Size:  2277288     File Time:  2017-03-04_025414
Version:
   Company:    Microsoft Corporation
   Product:    Microsoft® Windows® Operating System
   FileDesc:   Direct3D 11 Runtime
   FileVer:    10.0.14393.953
   ProdVer:    10.0.14393.953

Module 17
C:\WINDOWS\system32\wbem\fastprox.dll
Image Base: 0x69370000  Image Size: 0x000c2000
File Size:  779776      File Time:  2016-07-16_074258
Version:
   Company:    Microsoft Corporation
   Product:    Microsoft® Windows® Operating System
   FileDesc:   WMI Custom Marshaller
   FileVer:    10.0.14393.0
   ProdVer:    10.0.14393.0

Module 18
C:\WINDOWS\system32\wbem\wbemsvc.dll
Image Base: 0x69440000  Image Size: 0x00010000
File Size:  48640       File Time:  2016-07-16_074258
Version:
   Company:    Microsoft Corporation
   Product:    Microsoft® Windows® Operating System
   FileDesc:   WMI
   FileVer:    10.0.14393.0
   ProdVer:    10.0.14393.0

Module 19
C:\WINDOWS\system32\wbem\wbemprox.dll
Image Base: 0x69470000  Image Size: 0x0000d000
File Size:  35328       File Time:  2016-07-16_074258
Version:
   Company:    Microsoft Corporation
   Product:    Microsoft® Windows® Operating System
   FileDesc:   WMI
   FileVer:    10.0.14393.0
   ProdVer:    10.0.14393.0

Module 20
C:\WINDOWS\SYSTEM32\wbemcomn.dll
Image Base: 0x69480000  Image Size: 0x00067000
File Size:  391168      File Time:  2016-07-16_074258
Version:
   Company:    Microsoft Corporation
   Product:    Microsoft® Windows® Operating System
   FileDesc:   WMI
   FileVer:    10.0.14393.0
   ProdVer:    10.0.14393.0

Module 21
C:\WINDOWS\SYSTEM32\wintypes.dll
Image Base: 0x6ae90000  Image Size: 0x000cf000
File Size:  846560      File Time:  2017-03-04_025046
Version:
   Company:    Microsoft Corporation
   Product:    Microsoft® Windows® Operating System
   FileDesc:   Windows Base Types DLL
   FileVer:    10.0.14393.953
   ProdVer:    10.0.14393.953

Module 22
C:\WINDOWS\SYSTEM32\HID.DLL
Image Base: 0x6d1a0000  Image Size: 0x0000a000
File Size:  25600       File Time:  2016-07-16_074250
Version:
   Company:    Microsoft Corporation
   Product:    Microsoft® Windows® Operating System
   FileDesc:   Hid User Library
   FileVer:    10.0.14393.0
   ProdVer:    10.0.14393.0

Module 23
C:\WINDOWS\SYSTEM32\dhcpcsvc.DLL
Image Base: 0x6d1b0000  Image Size: 0x00014000
File Size:  63488       File Time:  2016-07-16_074256
Version:
   Company:    Microsoft Corporation
   Product:    Microsoft® Windows® Operating System
   FileDesc:   DHCP Client Service
   FileVer:    10.0.14393.0
   ProdVer:    10.0.14393.0

Module 24
C:\WINDOWS\SYSTEM32\dhcpcsvc6.DLL
Image Base: 0x6d1d0000  Image Size: 0x00013000
File Size:  57344       File Time:  2016-07-16_074256
Version:
   Company:    Microsoft Corporation
   Product:    Microsoft® Windows® Operating System
   FileDesc:   DHCPv6 Client
   FileVer:    10.0.14393.0
   ProdVer:    10.0.14393.0

Module 25
C:\WINDOWS\SYSTEM32\ntmarta.dll
Image Base: 0x6d290000  Image Size: 0x00028000
File Size:  154432      File Time:  2016-07-16_074256
Version:
   Company:    Microsoft Corporation
   Product:    Microsoft® Windows® Operating System
   FileDesc:   Windows NT MARTA provider
   FileVer:    10.0.14393.0
   ProdVer:    10.0.14393.0

Module 26
C:\Windows\System32\cryptnet.dll
Image Base: 0x6ea90000  Image Size: 0x00025000
File Size:  134656      File Time:  2016-07-16_074256
Version:
   Company:    Microsoft Corporation
   Product:    Microsoft® Windows® Operating System
   FileDesc:   Crypto Network Related API
   FileVer:    10.0.14393.0
   ProdVer:    10.0.14393.0

Module 27
C:\WINDOWS\SYSTEM32\WINNSI.DLL
Image Base: 0x6ec20000  Image Size: 0x00008000
File Size:  26848       File Time:  2016-07-16_074228
Version:
   Company:    Microsoft Corporation
   Product:    Microsoft® Windows® Operating System
   FileDesc:   Network Store Information RPC interface
   FileVer:    10.0.14393.0
   ProdVer:    10.0.14393.0

Module 28
C:\WINDOWS\SYSTEM32\WINMMBASE.dll
Image Base: 0x6fdb0000  Image Size: 0x00023000
File Size:  131208      File Time:  2016-07-16_074250
Version:
   Company:    Microsoft Corporation
   Product:    Microsoft® Windows® Operating System
   FileDesc:   Base Multimedia Extension API DLL
   FileVer:    10.0.14393.0
   ProdVer:    10.0.14393.0

Module 29
C:\WINDOWS\SYSTEM32\WINMM.dll
Image Base: 0x6fde0000  Image Size: 0x00024000
File Size:  135376      File Time:  2016-07-16_074250
Version:
   Company:    Microsoft Corporation
   Product:    Microsoft® Windows® Operating System
   FileDesc:   MCI API DLL
   FileVer:    10.0.14393.0
   ProdVer:    10.0.14393.0

Module 30
C:\WINDOWS\WinSxS\x86_microsoft.windows.common-controls_6595b64144ccf1df_6.0.14393.953_none_89c2555adb023171\comctl32.dll
Image Base: 0x6ff70000  Image Size: 0x0020a000
File Size:  2121568     File Time:  2017-03-04_024648
Version:
   Company:    Microsoft Corporation
   Product:    Microsoft® Windows® Operating System
   FileDesc:   User Experience Controls Library
   FileVer:    6.10.14393.953
   ProdVer:    10.0.14393.953

Module 31
C:\WINDOWS\system32\uxtheme.dll
Image Base: 0x702f0000  Image Size: 0x00075000
File Size:  457728      File Time:  2016-07-16_074306
Version:
   Company:    Microsoft Corporation
   Product:    Microsoft® Windows® Operating System
   FileDesc:   Microsoft UxTheme Library
   FileVer:    10.0.14393.0
   ProdVer:    10.0.14393.0

Module 32
C:\WINDOWS\SYSTEM32\dbghelp.dll
Image Base: 0x70430000  Image Size: 0x00145000
File Size:  1220608     File Time:  2016-07-16_074258
Version:
   Company:    Microsoft
   Product:    Microsoft® Windows® Operating System
   FileDesc:   Windows Image Helper
   FileVer:    10.0.14321.1024
   ProdVer:    10.0.14321.1024

Module 33
C:\WINDOWS\System32\PROPSYS.dll
Image Base: 0x707b0000  Image Size: 0x0014f000
File Size:  1375456     File Time:  2016-07-16_074256
Version:
   Company:    Microsoft Corporation
   Product:    Windows® Search
   FileDesc:   Microsoft Property System
   FileVer:    7.0.14393.0
   ProdVer:    7.0.14393.0

Module 34
C:\WINDOWS\SYSTEM32\WINHTTP.dll
Image Base: 0x70930000  Image Size: 0x000a0000
File Size:  636928      File Time:  2017-03-04_021630
Version:
   Company:    Microsoft Corporation
   Product:    Microsoft® Windows® Operating System
   FileDesc:   Windows HTTP Services
   FileVer:    10.0.14393.953
   ProdVer:    10.0.14393.953

Module 35
C:\WINDOWS\system32\dwmapi.dll
Image Base: 0x70a60000  Image Size: 0x0001f000
File Size:  113504      File Time:  2016-09-15_131352
Version:
   Company:    Microsoft Corporation
   Product:    Microsoft® Windows® Operating System
   FileDesc:   Microsoft Desktop Window Manager API
   FileVer:    10.0.14393.206
   ProdVer:    10.0.14393.206

Module 36
C:\WINDOWS\System32\fwpuclnt.dll
Image Base: 0x71850000  Image Size: 0x00049000
File Size:  279040      File Time:  2016-07-16_074256
Version:
   Company:    Microsoft Corporation
   Product:    Microsoft® Windows® Operating System
   FileDesc:   FWP/IPsec User-Mode API
   FileVer:    10.0.14393.0
   ProdVer:    10.0.14393.0

Module 37
C:\Windows\System32\rasadhlp.dll
Image Base: 0x718a0000  Image Size: 0x00008000
File Size:  13312       File Time:  2016-07-16_074302
Version:
   Company:    Microsoft Corporation
   Product:    Microsoft® Windows® Operating System
   FileDesc:   Remote Access AutoDial Helper
   FileVer:    10.0.14393.0
   ProdVer:    10.0.14393.0

Module 38
C:\WINDOWS\SYSTEM32\IPHLPAPI.DLL
Image Base: 0x72170000  Image Size: 0x0002f000
File Size:  184416      File Time:  2017-03-04_030254
Version:
   Company:    Microsoft Corporation
   Product:    Microsoft® Windows® Operating System
   FileDesc:   IP Helper API
   FileVer:    10.0.14393.953
   ProdVer:    10.0.14393.953

Module 39
C:\WINDOWS\SYSTEM32\DNSAPI.dll
Image Base: 0x721a0000  Image Size: 0x0007d000
File Size:  497416      File Time:  2017-03-04_030934
Version:
   Company:    Microsoft Corporation
   Product:    Microsoft® Windows® Operating System
   FileDesc:   DNS Client API DLL
   FileVer:    10.0.14393.953
   ProdVer:    10.0.14393.953

Module 40
C:\WINDOWS\SYSTEM32\DCIMAN32.dll
Image Base: 0x72570000  Image Size: 0x00007000
File Size:  11776       File Time:  2016-07-16_074250
Version:
   Company:    Microsoft Corporation
   Product:    Microsoft® Windows® Operating System
   FileDesc:   DCI Manager
   FileVer:    10.0.14393.0
   ProdVer:    10.0.14393.0

Module 41
C:\WINDOWS\SYSTEM32\GLU32.dll
Image Base: 0x72580000  Image Size: 0x00025000
File Size:  141312      File Time:  2016-07-16_074306
Version:
   Company:    Microsoft Corporation
   Product:    Microsoft® Windows® Operating System
   FileDesc:   OpenGL Utility Library DLL
   FileVer:    10.0.14393.0
   ProdVer:    10.0.14393.0

Module 42
C:\WINDOWS\SYSTEM32\DDRAW.dll
Image Base: 0x725b0000  Image Size: 0x000ed000
File Size:  548352      File Time:  2017-03-04_021812
Version:
   Company:    Microsoft Corporation
   Product:    Microsoft® Windows® Operating System
   FileDesc:   Microsoft DirectDraw
   FileVer:    10.0.14393.953
   ProdVer:    10.0.14393.953

Module 43
C:\WINDOWS\SYSTEM32\OPENGL32.dll
Image Base: 0x726c0000  Image Size: 0x000e0000
File Size:  786944      File Time:  2016-07-16_074306
Version:
   Company:    Microsoft Corporation
   Product:    Microsoft® Windows® Operating System
   FileDesc:   OpenGL Client DLL
   FileVer:    10.0.14393.0
   ProdVer:    10.0.14393.0

Module 44
C:\WINDOWS\SYSTEM32\bcrypt.dll
Image Base: 0x73ae0000  Image Size: 0x0001b000
File Size:  106896      File Time:  2016-12-09_060100
Version:
   Company:    Microsoft Corporation
   Product:    Microsoft® Windows® Operating System
   FileDesc:   Windows Cryptographic Primitives Library
   FileVer:    10.0.14393.576
   ProdVer:    10.0.14393.576

Module 45
C:\WINDOWS\system32\rsaenh.dll
Image Base: 0x73b00000  Image Size: 0x0002f000
File Size:  184416      File Time:  2016-07-16_074256
Version:
   Company:    Microsoft Corporation
   Product:    Microsoft® Windows® Operating System
   FileDesc:   Microsoft Enhanced Cryptographic Provider
   FileVer:    10.0.14393.0
   ProdVer:    10.0.14393.0

Module 46
C:\WINDOWS\SYSTEM32\CRYPTSP.dll
Image Base: 0x73b60000  Image Size: 0x00013000
File Size:  68720       File Time:  2016-07-16_074256
Version:
   Company:    Microsoft Corporation
   Product:    Microsoft® Windows® Operating System
   FileDesc:   Cryptographic Service Provider API
   FileVer:    10.0.14393.0
   ProdVer:    10.0.14393.0

Module 47
C:\WINDOWS\System32\DEVOBJ.dll
Image Base: 0x73b90000  Image Size: 0x00022000
File Size:  132232      File Time:  2016-07-16_074256
Version:
   Company:    Microsoft Corporation
   Product:    Microsoft® Windows® Operating System
   FileDesc:   Device Information Set DLL
   FileVer:    10.0.14393.0
   ProdVer:    10.0.14393.0

Module 48
C:\WINDOWS\SYSTEM32\MSWSOCK.dll
Image Base: 0x73be0000  Image Size: 0x0004e000
File Size:  306016      File Time:  2016-07-16_074256
Version:
   Company:    Microsoft Corporation
   Product:    Microsoft® Windows® Operating System
   FileDesc:   Microsoft Windows Sockets 2.0 Service Provider
   FileVer:    10.0.14393.0
   ProdVer:    10.0.14393.0

Module 49
C:\WINDOWS\SYSTEM32\VERSION.dll
Image Base: 0x73cf0000  Image Size: 0x00008000
File Size:  27360       File Time:  2016-07-16_074306
Version:
   Company:    Microsoft Corporation
   Product:    Microsoft® Windows® Operating System
   FileDesc:   Version Checking and File Installation Libraries
   FileVer:    10.0.14393.0
   ProdVer:    10.0.14393.0

Module 50
C:\WINDOWS\System32\CRYPTBASE.dll
Image Base: 0x73d00000  Image Size: 0x0000a000
File Size:  31528       File Time:  2016-07-16_074250
Version:
   Company:    Microsoft Corporation
   Product:    Microsoft® Windows® Operating System
   FileDesc:   Base cryptographic API DLL
   FileVer:    10.0.14393.0
   ProdVer:    10.0.14393.0

Module 51
C:\WINDOWS\System32\SspiCli.dll
Image Base: 0x73d10000  Image Size: 0x0001e000
File Size:  117240      File Time:  2016-12-09_055110
Version:
   Company:    Microsoft Corporation
   Product:    Microsoft® Windows® Operating System
   FileDesc:   Security Support Provider Interface
   FileVer:    10.0.14393.576
   ProdVer:    10.0.14393.576

Module 52
C:\WINDOWS\System32\KERNELBASE.dll
Image Base: 0x73d30000  Image Size: 0x001a1000
File Size:  1706488     File Time:  2017-03-04_030638
Version:
   Company:    Microsoft Corporation
   Product:    Microsoft® Windows® Operating System
   FileDesc:   Windows NT BASE API Client DLL
   FileVer:    10.0.14393.953
   ProdVer:    10.0.14393.953

Module 53
C:\WINDOWS\System32\ucrtbase.dll
Image Base: 0x73ee0000  Image Size: 0x000e0000
File Size:  918304      File Time:  2016-07-16_074256
Version:
   Company:    Microsoft Corporation
   Product:    Microsoft® Windows® Operating System
   FileDesc:   Microsoft® C Runtime Library
   FileVer:    10.0.14393.0
   ProdVer:    10.0.14393.0

Module 54
C:\WINDOWS\System32\bcryptPrimitives.dll
Image Base: 0x73fc0000  Image Size: 0x0005a000
File Size:  367208      File Time:  2016-07-16_074228
Version:
   Company:    Microsoft Corporation
   Product:    Microsoft® Windows® Operating System
   FileDesc:   Windows Cryptographic Primitives Library
   FileVer:    10.0.14393.0
   ProdVer:    10.0.14393.0

Module 55
C:\WINDOWS\System32\SHELL32.dll
Image Base: 0x74020000  Image Size: 0x013d9000
File Size:  20969928    File Time:  2017-03-04_024726
Version:
   Company:    Microsoft Corporation
   Product:    Microsoft® Windows® Operating System
   FileDesc:   Windows Shell Common Dll
   FileVer:    10.0.14393.953
   ProdVer:    10.0.14393.953

Module 56
C:\WINDOWS\System32\combase.dll
Image Base: 0x75400000  Image Size: 0x00211000
File Size:  2166752     File Time:  2016-12-09_055926
Version:
   Company:    Microsoft Corporation
   Product:    Microsoft® Windows® Operating System
   FileDesc:   Microsoft COM for Windows
   FileVer:    10.0.14393.576
   ProdVer:    10.0.14393.576

Module 57
C:\WINDOWS\System32\GDI32.dll
Image Base: 0x75680000  Image Size: 0x0002b000
File Size:  170960      File Time:  2016-09-15_132320
Version:
   Company:    Microsoft Corporation
   Product:    Microsoft® Windows® Operating System
   FileDesc:   GDI Client DLL
   FileVer:    10.0.14393.206
   ProdVer:    10.0.14393.206

Module 58
C:\WINDOWS\System32\KERNEL32.DLL
Image Base: 0x756b0000  Image Size: 0x000e0000
File Size:  616048      File Time:  2016-07-16_074246
Version:
   Company:    Microsoft Corporation
   Product:    Microsoft® Windows® Operating System
   FileDesc:   Windows NT BASE API Client DLL
   FileVer:    10.0.14393.0
   ProdVer:    10.0.14393.0

Module 59
C:\WINDOWS\System32\shcore.dll
Image Base: 0x75900000  Image Size: 0x00088000
File Size:  549088      File Time:  2017-03-04_025300
Version:
   Company:    Microsoft Corporation
   Product:    Microsoft® Windows® Operating System
   FileDesc:   SHCORE
   FileVer:    10.0.14393.953
   ProdVer:    10.0.14393.953

Module 60
C:\WINDOWS\System32\CRYPT32.dll
Image Base: 0x75a30000  Image Size: 0x0017d000
File Size:  1556712     File Time:  2016-10-15_001840
Version:
   Company:    Microsoft Corporation
   Product:    Microsoft® Windows® Operating System
   FileDesc:   Crypto API32
   FileVer:    10.0.14393.351
   ProdVer:    10.0.14393.351

Module 61
C:\WINDOWS\System32\imagehlp.dll
Image Base: 0x75bb0000  Image Size: 0x00019000
File Size:  93984       File Time:  2016-07-16_074228
Version:
   Company:    Microsoft Corporation
   Product:    Microsoft® Windows® Operating System
   FileDesc:   Windows NT Image Helper
   FileVer:    10.0.14393.0
   ProdVer:    10.0.14393.0

Module 62
C:\WINDOWS\System32\msvcrt.dll
Image Base: 0x75bd0000  Image Size: 0x000be000
File Size:  773168      File Time:  2016-07-16_074250
Version:
   Company:    Microsoft Corporation
   Product:    Microsoft® Windows® Operating System
   FileDesc:   Windows NT CRT DLL
   FileVer:    7.0.14393.0
   ProdVer:    10.0.14393.0

Module 63
C:\WINDOWS\System32\cfgmgr32.dll
Image Base: 0x76100000  Image Size: 0x00036000
File Size:  213848      File Time:  2016-07-16_074256
Version:
   Company:    Microsoft Corporation
   Product:    Microsoft® Windows® Operating System
   FileDesc:   Configuration Manager DLL
   FileVer:    10.0.14393.0
   ProdVer:    10.0.14393.0

Module 64
C:\WINDOWS\System32\win32u.dll
Image Base: 0x76140000  Image Size: 0x00015000
File Size:  79536       File Time:  2016-09-25_080302
Version:
   Company:    Microsoft Corporation
   Product:    Microsoft® Windows® Operating System
   FileDesc:   Win32u
   FileVer:    10.0.14393.51
   ProdVer:    10.0.14393.51

Module 65
C:\WINDOWS\System32\windows.storage.dll
Image Base: 0x76160000  Image Size: 0x0056e000
File Size:  5722320     File Time:  2017-03-04_025320
Version:
   Company:    Microsoft Corporation
   Product:    Microsoft® Windows® Operating System
   FileDesc:   Microsoft WinRT Storage API
   FileVer:    10.0.14393.953
   ProdVer:    10.0.14393.953

Module 66
C:\WINDOWS\System32\sechost.dll
Image Base: 0x766d0000  Image Size: 0x00041000
File Size:  255168      File Time:  2016-07-16_074250
Version:
   Company:    Microsoft Corporation
   Product:    Microsoft® Windows® Operating System
   FileDesc:   Host for SCM/SDDL/LSA Lookup APIs
   FileVer:    10.0.14393.0
   ProdVer:    10.0.14393.0

Module 67
C:\WINDOWS\System32\MSCTF.dll
Image Base: 0x76810000  Image Size: 0x00135000
File Size:  1260784     File Time:  2017-03-04_024230
Version:
   Company:    Microsoft Corporation
   Product:    Microsoft® Windows® Operating System
   FileDesc:   MSCTF Server DLL
   FileVer:    10.0.14393.953
   ProdVer:    10.0.14393.953

Module 68
C:\WINDOWS\System32\ole32.dll
Image Base: 0x76950000  Image Size: 0x000ea000
File Size:  959112      File Time:  2016-12-09_055616
Version:
   Company:    Microsoft Corporation
   Product:    Microsoft® Windows® Operating System
   FileDesc:   Microsoft OLE for Windows
   FileVer:    10.0.14393.576
   ProdVer:    10.0.14393.576

Module 69
C:\WINDOWS\System32\USER32.dll
Image Base: 0x76a50000  Image Size: 0x0015f000
File Size:  1435896     File Time:  2016-12-09_055222
Version:
   Company:    Microsoft Corporation
   Product:    Microsoft® Windows® Operating System
   FileDesc:   Multi-User Windows USER API Client DLL
   FileVer:    10.0.14393.576
   ProdVer:    10.0.14393.576

Module 70
C:\WINDOWS\System32\PSAPI.DLL
Image Base: 0x76bb0000  Image Size: 0x00006000
File Size:  17048       File Time:  2016-07-16_074246
Version:
   Company:    Microsoft Corporation
   Product:    Microsoft® Windows® Operating System
   FileDesc:   Process Status Helper
   FileVer:    10.0.14393.0
   ProdVer:    10.0.14393.0

Module 71
C:\WINDOWS\System32\powrprof.dll
Image Base: 0x76bc0000  Image Size: 0x00045000
File Size:  275832      File Time:  2016-07-16_074256
Version:
   Company:    Microsoft Corporation
   Product:    Microsoft® Windows® Operating System
   FileDesc:   Power Profile Helper DLL
   FileVer:    10.0.14393.0
   ProdVer:    10.0.14393.0

Module 72
C:\WINDOWS\System32\kernel.appcore.dll
Image Base: 0x76c70000  Image Size: 0x0000d000
File Size:  43416       File Time:  2016-07-16_074256
Version:
   Company:    Microsoft Corporation
   Product:    Microsoft® Windows® Operating System
   FileDesc:   AppModel API Host
   FileVer:    10.0.14393.0
   ProdVer:    10.0.14393.0

Module 73
C:\WINDOWS\System32\WINTRUST.dll
Image Base: 0x76c80000  Image Size: 0x00044000
File Size:  272720      File Time:  2017-03-04_025204
Version:
   Company:    Microsoft Corporation
   Product:    Microsoft® Windows® Operating System
   FileDesc:   Microsoft Trust Verification APIs
   FileVer:    10.0.14393.953
   ProdVer:    10.0.14393.953

Module 74
C:\WINDOWS\System32\profapi.dll
Image Base: 0x76cd0000  Image Size: 0x0000f000
File Size:  54752       File Time:  2016-07-16_074250
Version:
   Company:    Microsoft Corporation
   Product:    Microsoft® Windows® Operating System
   FileDesc:   User Profile Basic API
   FileVer:    10.0.14393.0
   ProdVer:    10.0.14393.0

Module 75
C:\WINDOWS\System32\NSI.dll
Image Base: 0x76ce0000  Image Size: 0x00007000
File Size:  20152       File Time:  2016-07-16_074228
Version:
   Company:    Microsoft Corporation
   Product:    Microsoft® Windows® Operating System
   FileDesc:   NSI User-mode interface DLL
   FileVer:    10.0.14393.0
   ProdVer:    10.0.14393.0

Module 76
C:\WINDOWS\System32\WS2_32.dll
Image Base: 0x76cf0000  Image Size: 0x00063000
File Size:  402352      File Time:  2016-09-15_133706
Version:
   Company:    Microsoft Corporation
   Product:    Microsoft® Windows® Operating System
   FileDesc:   Windows Socket 2.0 32-Bit DLL
   FileVer:    10.0.14393.206
   ProdVer:    10.0.14393.206

Module 77
C:\WINDOWS\System32\OLEAUT32.dll
Image Base: 0x76d60000  Image Size: 0x00094000
File Size:  601712      File Time:  2016-11-02_072300
Version:
   Company:    Microsoft Corporation
   Product:    Microsoft® Windows® Operating System
   FileDesc:   OLEAUT32.DLL
   FileVer:    10.0.14393.447
   ProdVer:    10.0.14393.447

Module 78
C:\WINDOWS\System32\ADVAPI32.dll
Image Base: 0x76e00000  Image Size: 0x00077000
File Size:  482392      File Time:  2016-07-16_074250
Version:
   Company:    Microsoft Corporation
   Product:    Microsoft® Windows® Operating System
   FileDesc:   Advanced Windows 32 Base API
   FileVer:    10.0.14393.0
   ProdVer:    10.0.14393.0

Module 79
C:\WINDOWS\System32\MSASN1.dll
Image Base: 0x76e80000  Image Size: 0x0000e000
File Size:  49080       File Time:  2016-07-16_074256
Version:
   Company:    Microsoft Corporation
   Product:    Microsoft® Windows® Operating System
   FileDesc:   ASN.1 Runtime APIs
   FileVer:    10.0.14393.0
   ProdVer:    10.0.14393.0

Module 80
C:\WINDOWS\System32\RPCRT4.dll
Image Base: 0x76e90000  Image Size: 0x000c1000
File Size:  790760      File Time:  2016-09-25_080312
Version:
   Company:    Microsoft Corporation
   Product:    Microsoft® Windows® Operating System
   FileDesc:   Remote Procedure Call Runtime
   FileVer:    10.0.14393.82
   ProdVer:    10.0.14393.82

Module 81
C:\WINDOWS\System32\IMM32.dll
Image Base: 0x76f60000  Image Size: 0x00025000
File Size:  144632      File Time:  2016-07-16_074250
Version:
   Company:    Microsoft Corporation
   Product:    Microsoft® Windows® Operating System
   FileDesc:   Multi-User Windows IMM32 API Client DLL
   FileVer:    10.0.14393.0
   ProdVer:    10.0.14393.0

Module 82
C:\WINDOWS\System32\gdi32full.dll
Image Base: 0x76f90000  Image Size: 0x0015b000
File Size:  1415240     File Time:  2017-03-04_024240
Version:
   Company:    Microsoft Corporation
   Product:    Microsoft® Windows® Operating System
   FileDesc:   GDI Client DLL
   FileVer:    10.0.14393.953
   ProdVer:    10.0.14393.953

Module 83
C:\WINDOWS\System32\SHLWAPI.dll
Image Base: 0x770f0000  Image Size: 0x00046000
File Size:  284056      File Time:  2016-07-16_074304
Version:
   Company:    Microsoft Corporation
   Product:    Microsoft® Windows® Operating System
   FileDesc:   Shell Light-weight Utility Library
   FileVer:    10.0.14393.0
   ProdVer:    10.0.14393.0

Module 84
C:\WINDOWS\System32\msvcp_win.dll
Image Base: 0x77140000  Image Size: 0x0007b000
File Size:  498408      File Time:  2016-07-16_074256
Version:
   Company:    Microsoft Corporation
   Product:    Microsoft® Windows® Operating System
   FileDesc:   Microsoft® C Runtime Library
   FileVer:    10.0.14393.0
   ProdVer:    10.0.14393.0

Module 85
C:\WINDOWS\System32\clbcatq.dll
Image Base: 0x771c0000  Image Size: 0x00084000
File Size:  528360      File Time:  2016-07-16_074248
Version:
   Company:    Microsoft Corporation
   Product:    Microsoft® Windows® Operating System
   FileDesc:   COM+ Configuration Catalog
   FileVer:    2001.12.10941.16384
   ProdVer:    10.0.14393.0

Module 86
C:\WINDOWS\SYSTEM32\ntdll.dll
Image Base: 0x77250000  Image Size: 0x00183000
File Size:  1572768     File Time:  2016-11-11_040000
Version:
   Company:    Microsoft Corporation
   Product:    Microsoft® Windows® Operating System
   FileDesc:   NT Layer DLL
   FileVer:    10.0.14393.479
   ProdVer:    10.0.14393.479


== [end of error.log] ==
